Vivado Simulator 2018.3
Copyright 1986-1999, 2001-2018 Xilinx, Inc. All Rights Reserved.
Running: D:/Xilinx/Vivado/2018.3/bin/unwrapped/win64.o/xelab.exe -wto f19548a545e0462a836135716a88c67b --incr --debug typical --relax --mt 2 -L xil_defaultlib -L secureip --snapshot sim_2_behav xil_defaultlib.sim_2 -log elaborate.log 
Using 2 slave threads.
Starting static elaboration
Completed static elaboration
Starting simulation data flow analysis
Completed simulation data flow analysis
Time Resolution for simulation is 1ps
Compiling package std.standard
Compiling package std.textio
Compiling package ieee.std_logic_1164
Compiling package ieee.numeric_std
Compiling package ieee.std_logic_arith
Compiling package ieee.std_logic_unsigned
Compiling architecture behavioral of entity xil_defaultlib.display [display_default]
Compiling architecture behavioral of entity xil_defaultlib.memory_encoder [memory_encoder_default]
Compiling architecture behavioral of entity xil_defaultlib.LED_Control [led_control_default]
Compiling architecture behavioral of entity xil_defaultlib.sim_2
Built simulation snapshot sim_2_behav
